<?xml version="1.0" encoding="UTF-8"?>
<testng-results skipped="0" failed="0" ignored="0" total="2" passed="2">
  <reporter-output>
  </reporter-output>
  <suite name="Suite" duration-ms="37800" started-at="2024-11-16T08:43:18 IST" finished-at="2024-11-16T08:43:56 IST">
    <groups>
    </groups>
    <test name="SmokeTest" duration-ms="37800" started-at="2024-11-16T08:43:18 IST" finished-at="2024-11-16T08:43:56 IST">
      <class name="Product.CreateProductTest">
        <test-method status="PASS" signature="LaunchBrowser()[pri:0, instance:Product.CreateProductTest@27808f31]" name="LaunchBrowser" is-config="true" duration-ms="1882" started-at="2024-11-16T08:43:43 IST" finished-at="2024-11-16T08:43:45 IST">
          <reporter-output>
          </reporter-output>
        </test-method> <!-- LaunchBrowser -->
        <test-method status="PASS" signature="LoginToApp()[pri:0, instance:Product.CreateProductTest@27808f31]" name="LoginToApp" is-config="true" duration-ms="1905" started-at="2024-11-16T08:43:45 IST" finished-at="2024-11-16T08:43:47 IST">
          <reporter-output>
          </reporter-output>
        </test-method> <!-- LoginToApp -->
        <test-method status="PASS" signature="CreateProduct()[pri:0, instance:Product.CreateProductTest@27808f31]" name="CreateProduct" duration-ms="7055" started-at="2024-11-16T08:43:47 IST" finished-at="2024-11-16T08:43:54 IST">
          <reporter-output>
          </reporter-output>
        </test-method> <!-- CreateProduct -->
        <test-method status="PASS" signature="LogoutFromApp()[pri:0, instance:Product.CreateProductTest@27808f31]" name="LogoutFromApp" is-config="true" duration-ms="1153" started-at="2024-11-16T08:43:54 IST" finished-at="2024-11-16T08:43:55 IST">
          <reporter-output>
          </reporter-output>
        </test-method> <!-- LogoutFromApp -->
        <test-method status="PASS" signature="CloseBrowser()[pri:0, instance:Product.CreateProductTest@27808f31]" name="CloseBrowser" is-config="true" duration-ms="689" started-at="2024-11-16T08:43:55 IST" finished-at="2024-11-16T08:43:56 IST">
          <reporter-output>
          </reporter-output>
        </test-method> <!-- CloseBrowser -->
      </class> <!-- Product.CreateProductTest -->
      <class name="Orgnization.CreateoOganizationTest">
        <test-method status="PASS" signature="LaunchBrowser()[pri:0, instance:Orgnization.CreateoOganizationTest@c46bcd4]" name="LaunchBrowser" is-config="true" duration-ms="8909" started-at="2024-11-16T08:43:18 IST" finished-at="2024-11-16T08:43:27 IST">
          <reporter-output>
          </reporter-output>
        </test-method> <!-- LaunchBrowser -->
        <test-method status="PASS" signature="LoginToApp()[pri:0, instance:Orgnization.CreateoOganizationTest@c46bcd4]" name="LoginToApp" is-config="true" duration-ms="2148" started-at="2024-11-16T08:43:27 IST" finished-at="2024-11-16T08:43:29 IST">
          <reporter-output>
          </reporter-output>
        </test-method> <!-- LoginToApp -->
        <test-method status="PASS" signature="CreateOrgnizationTest()[pri:0, instance:Orgnization.CreateoOganizationTest@c46bcd4]" name="CreateOrgnizationTest" duration-ms="12058" started-at="2024-11-16T08:43:29 IST" finished-at="2024-11-16T08:43:41 IST">
          <reporter-output>
          </reporter-output>
        </test-method> <!-- CreateOrgnizationTest -->
        <test-method status="PASS" signature="LogoutFromApp()[pri:0, instance:Orgnization.CreateoOganizationTest@c46bcd4]" name="LogoutFromApp" is-config="true" duration-ms="1223" started-at="2024-11-16T08:43:41 IST" finished-at="2024-11-16T08:43:42 IST">
          <reporter-output>
          </reporter-output>
        </test-method> <!-- LogoutFromApp -->
        <test-method status="PASS" signature="CloseBrowser()[pri:0, instance:Orgnization.CreateoOganizationTest@c46bcd4]" name="CloseBrowser" is-config="true" duration-ms="717" started-at="2024-11-16T08:43:42 IST" finished-at="2024-11-16T08:43:43 IST">
          <reporter-output>
          </reporter-output>
        </test-method> <!-- CloseBrowser -->
      </class> <!-- Orgnization.CreateoOganizationTest -->
    </test> <!-- SmokeTest -->
  </suite> <!-- Suite -->
</testng-results>
