<?xml version="1.0" encoding="UTF-8"?>
<testng-results skipped="0" failed="0" ignored="0" total="2" passed="2">
  <reporter-output>
  </reporter-output>
  <suite name="Suite" duration-ms="73614" started-at="2024-11-12T17:55:53 IST" finished-at="2024-11-12T17:57:07 IST">
    <groups>
    </groups>
    <test name="SmokeTest" duration-ms="73614" started-at="2024-11-12T17:55:53 IST" finished-at="2024-11-12T17:57:07 IST">
      <class name="Product.CreateProductTest">
        <test-method status="PASS" signature="LaunchBrowser()[pri:0, instance:Product.CreateProductTest@27808f31]" name="LaunchBrowser" is-config="true" duration-ms="5938" started-at="2024-11-12T17:56:34 IST" finished-at="2024-11-12T17:56:40 IST">
          <reporter-output>
          </reporter-output>
        </test-method> <!-- LaunchBrowser -->
        <test-method status="PASS" signature="LoginToApp()[pri:0, instance:Product.CreateProductTest@27808f31]" name="LoginToApp" is-config="true" duration-ms="4987" started-at="2024-11-12T17:56:40 IST" finished-at="2024-11-12T17:56:45 IST">
          <reporter-output>
          </reporter-output>
        </test-method> <!-- LoginToApp -->
        <test-method status="PASS" signature="CreateProduct()[pri:0, instance:Product.CreateProductTest@27808f31]" name="CreateProduct" duration-ms="17686" started-at="2024-11-12T17:56:45 IST" finished-at="2024-11-12T17:57:02 IST">
          <reporter-output>
          </reporter-output>
        </test-method> <!-- CreateProduct -->
        <test-method status="PASS" signature="LogoutFromApp()[pri:0, instance:Product.CreateProductTest@27808f31]" name="LogoutFromApp" is-config="true" duration-ms="3485" started-at="2024-11-12T17:57:02 IST" finished-at="2024-11-12T17:57:06 IST">
          <reporter-output>
          </reporter-output>
        </test-method> <!-- LogoutFromApp -->
        <test-method status="PASS" signature="CloseBrowser()[pri:0, instance:Product.CreateProductTest@27808f31]" name="CloseBrowser" is-config="true" duration-ms="787" started-at="2024-11-12T17:57:06 IST" finished-at="2024-11-12T17:57:07 IST">
          <reporter-output>
          </reporter-output>
        </test-method> <!-- CloseBrowser -->
      </class> <!-- Product.CreateProductTest -->
      <class name="Orgnization.CreateoOganizationTest">
        <test-method status="PASS" signature="LaunchBrowser()[pri:0, instance:Orgnization.CreateoOganizationTest@c46bcd4]" name="LaunchBrowser" is-config="true" duration-ms="9597" started-at="2024-11-12T17:55:53 IST" finished-at="2024-11-12T17:56:03 IST">
          <reporter-output>
          </reporter-output>
        </test-method> <!-- LaunchBrowser -->
        <test-method status="PASS" signature="LoginToApp()[pri:0, instance:Orgnization.CreateoOganizationTest@c46bcd4]" name="LoginToApp" is-config="true" duration-ms="4797" started-at="2024-11-12T17:56:03 IST" finished-at="2024-11-12T17:56:08 IST">
          <reporter-output>
          </reporter-output>
        </test-method> <!-- LoginToApp -->
        <test-method status="PASS" signature="CreateOrgnizationTest()[pri:0, instance:Orgnization.CreateoOganizationTest@c46bcd4]" name="CreateOrgnizationTest" duration-ms="22331" started-at="2024-11-12T17:56:08 IST" finished-at="2024-11-12T17:56:30 IST">
          <reporter-output>
          </reporter-output>
        </test-method> <!-- CreateOrgnizationTest -->
        <test-method status="PASS" signature="LogoutFromApp()[pri:0, instance:Orgnization.CreateoOganizationTest@c46bcd4]" name="LogoutFromApp" is-config="true" duration-ms="3037" started-at="2024-11-12T17:56:30 IST" finished-at="2024-11-12T17:56:33 IST">
          <reporter-output>
          </reporter-output>
        </test-method> <!-- LogoutFromApp -->
        <test-method status="PASS" signature="CloseBrowser()[pri:0, instance:Orgnization.CreateoOganizationTest@c46bcd4]" name="CloseBrowser" is-config="true" duration-ms="898" started-at="2024-11-12T17:56:33 IST" finished-at="2024-11-12T17:56:34 IST">
          <reporter-output>
          </reporter-output>
        </test-method> <!-- CloseBrowser -->
      </class> <!-- Orgnization.CreateoOganizationTest -->
    </test> <!-- SmokeTest -->
  </suite> <!-- Suite -->
</testng-results>
