<?xml version="1.0" encoding="UTF-8"?>
<testng-results ignored="0" total="2" passed="2" failed="0" skipped="0">
  <reporter-output>
  </reporter-output>
  <suite started-at="2024-11-12T17:50:58 IST" name="Suite" finished-at="2024-11-12T17:52:14 IST" duration-ms="75637">
    <groups>
    </groups>
    <test started-at="2024-11-12T17:50:58 IST" name="RegressionTest" finished-at="2024-11-12T17:52:14 IST" duration-ms="75637">
      <class name="Orgnization.CreateoOganizationTest">
        <test-method is-config="true" signature="LaunchBrowser()[pri:0, instance:Orgnization.CreateoOganizationTest@2cf3d63b]" started-at="2024-11-12T17:51:35 IST" name="LaunchBrowser" finished-at="2024-11-12T17:51:42 IST" duration-ms="6104" status="PASS">
          <reporter-output>
          </reporter-output>
        </test-method> <!-- LaunchBrowser -->
        <test-method is-config="true" signature="LoginToApp()[pri:0, instance:Orgnization.CreateoOganizationTest@2cf3d63b]" started-at="2024-11-12T17:51:42 IST" name="LoginToApp" finished-at="2024-11-12T17:51:47 IST" duration-ms="5229" status="PASS">
          <reporter-output>
          </reporter-output>
        </test-method> <!-- LoginToApp -->
        <test-method signature="CreateOrgnizationTest()[pri:0, instance:Orgnization.CreateoOganizationTest@2cf3d63b]" started-at="2024-11-12T17:51:47 IST" name="CreateOrgnizationTest" finished-at="2024-11-12T17:52:10 IST" duration-ms="23506" status="PASS">
          <reporter-output>
          </reporter-output>
        </test-method> <!-- CreateOrgnizationTest -->
        <test-method is-config="true" signature="LogoutFromApp()[pri:0, instance:Orgnization.CreateoOganizationTest@2cf3d63b]" started-at="2024-11-12T17:52:10 IST" name="LogoutFromApp" finished-at="2024-11-12T17:52:14 IST" duration-ms="3259" status="PASS">
          <reporter-output>
          </reporter-output>
        </test-method> <!-- LogoutFromApp -->
        <test-method is-config="true" signature="CloseBrowser()[pri:0, instance:Orgnization.CreateoOganizationTest@2cf3d63b]" started-at="2024-11-12T17:52:14 IST" name="CloseBrowser" finished-at="2024-11-12T17:52:14 IST" duration-ms="300" status="PASS">
          <reporter-output>
          </reporter-output>
        </test-method> <!-- CloseBrowser -->
      </class> <!-- Orgnization.CreateoOganizationTest -->
      <class name="Product.CreateProductTest">
        <test-method is-config="true" signature="LaunchBrowser()[pri:0, instance:Product.CreateProductTest@5b1669c0]" started-at="2024-11-12T17:50:58 IST" name="LaunchBrowser" finished-at="2024-11-12T17:51:07 IST" duration-ms="8624" status="PASS">
          <reporter-output>
          </reporter-output>
        </test-method> <!-- LaunchBrowser -->
        <test-method is-config="true" signature="LoginToApp()[pri:0, instance:Product.CreateProductTest@5b1669c0]" started-at="2024-11-12T17:51:07 IST" name="LoginToApp" finished-at="2024-11-12T17:51:12 IST" duration-ms="5544" status="PASS">
          <reporter-output>
          </reporter-output>
        </test-method> <!-- LoginToApp -->
        <test-method signature="CreateProduct()[pri:0, instance:Product.CreateProductTest@5b1669c0]" started-at="2024-11-12T17:51:12 IST" name="CreateProduct" finished-at="2024-11-12T17:51:32 IST" duration-ms="19801" status="PASS">
          <reporter-output>
          </reporter-output>
        </test-method> <!-- CreateProduct -->
        <test-method is-config="true" signature="LogoutFromApp()[pri:0, instance:Product.CreateProductTest@5b1669c0]" started-at="2024-11-12T17:51:32 IST" name="LogoutFromApp" finished-at="2024-11-12T17:51:35 IST" duration-ms="2851" status="PASS">
          <reporter-output>
          </reporter-output>
        </test-method> <!-- LogoutFromApp -->
        <test-method is-config="true" signature="CloseBrowser()[pri:0, instance:Product.CreateProductTest@5b1669c0]" started-at="2024-11-12T17:51:35 IST" name="CloseBrowser" finished-at="2024-11-12T17:51:35 IST" duration-ms="340" status="PASS">
          <reporter-output>
          </reporter-output>
        </test-method> <!-- CloseBrowser -->
      </class> <!-- Product.CreateProductTest -->
    </test> <!-- RegressionTest -->
  </suite> <!-- Suite -->
</testng-results>
