<?xml version="1.0" encoding="UTF-8"?>
<testng-results ignored="0" total="1" passed="1" failed="0" skipped="0">
  <reporter-output>
  </reporter-output>
  <suite started-at="2024-11-16T14:30:15 IST" name="Default suite" finished-at="2024-11-16T14:30:49 IST" duration-ms="34601">
    <groups>
    </groups>
    <test started-at="2024-11-16T14:30:15 IST" name="Default test" finished-at="2024-11-16T14:30:49 IST" duration-ms="34601">
      <class name="Product.CreateProductTest">
        <test-method is-config="true" signature="LaunchBrowser()[pri:0, instance:Product.CreateProductTest@6e6f2380]" started-at="2024-11-16T14:30:15 IST" name="LaunchBrowser" finished-at="2024-11-16T14:30:25 IST" duration-ms="10390" status="PASS">
          <reporter-output>
          </reporter-output>
        </test-method> <!-- LaunchBrowser -->
        <test-method is-config="true" signature="LoginToApp()[pri:0, instance:Product.CreateProductTest@6e6f2380]" started-at="2024-11-16T14:30:25 IST" name="LoginToApp" finished-at="2024-11-16T14:30:30 IST" duration-ms="4684" status="PASS">
          <reporter-output>
          </reporter-output>
        </test-method> <!-- LoginToApp -->
        <test-method signature="CreateProduct()[pri:0, instance:Product.CreateProductTest@6e6f2380]" started-at="2024-11-16T14:30:30 IST" name="CreateProduct" finished-at="2024-11-16T14:30:45 IST" duration-ms="14923" status="PASS">
          <reporter-output>
          </reporter-output>
        </test-method> <!-- CreateProduct -->
        <test-method is-config="true" signature="LogoutFromApp()[pri:0, instance:Product.CreateProductTest@6e6f2380]" started-at="2024-11-16T14:30:45 IST" name="LogoutFromApp" finished-at="2024-11-16T14:30:48 IST" duration-ms="2865" status="PASS">
          <reporter-output>
          </reporter-output>
        </test-method> <!-- LogoutFromApp -->
        <test-method is-config="true" signature="CloseBrowser()[pri:0, instance:Product.CreateProductTest@6e6f2380]" started-at="2024-11-16T14:30:48 IST" name="CloseBrowser" finished-at="2024-11-16T14:30:49 IST" duration-ms="1657" status="PASS">
          <reporter-output>
          </reporter-output>
        </test-method> <!-- CloseBrowser -->
      </class> <!-- Product.CreateProductTest -->
    </test> <!-- Default test -->
  </suite> <!-- Default suite -->
</testng-results>
